<?xml version="1.0" encoding="UTF-8"?>
<!-- Generated by org.testng.reporters.JUnitReportReporter -->
<testsuite skipped="2" hostname="Aman" name="Scripts.Script1" tests="3" failures="0" timestamp="24 Dec 2017 18:13:56 GMT" time="45.715" errors="0">
  <testcase name="fnTestN1" time="45.715" classname="Scripts.Script1"/>
  <testcase name="fnTestN3" classname="Scripts.Script1">
    <skipped/>
  </testcase> <!-- fnTestN3 -->
  <testcase name="fnTestN2" classname="Scripts.Script1">
    <skipped/>
  </testcase> <!-- fnTestN2 -->
</testsuite> <!-- Scripts.Script1 -->
