<?xml version="1.0" encoding="UTF-8"?>
<!-- Generated by org.testng.reporters.JUnitReportReporter -->
<testsuite skipped="0" hostname="Aman" name="framework.TestNGMethods" tests="4" failures="0" timestamp="20 Aug 2017 08:59:40 GMT" time="0.668" errors="0">
  <testcase name="fnTestN1" time="0.053" classname="framework.TestNGMethods"/>
  <testcase name="fnTestN3" time="0.046" classname="framework.TestNGMethods"/>
  <testcase name="fnTestN4" time="0.520" classname="framework.TestNGMethods"/>
  <testcase name="fnTestN2" time="0.049" classname="framework.TestNGMethods"/>
</testsuite> <!-- framework.TestNGMethods -->
