<?xml version="1.0" encoding="UTF-8"?>
<!-- Generated by org.testng.reporters.JUnitReportReporter -->
<testsuite skipped="0" hostname="Aman" name="Scripts.Script2" tests="1" failures="0" timestamp="15 Dec 2017 04:40:41 GMT" time="13.124" errors="0">
  <testcase name="fnTestN1" time="13.124" classname="Scripts.Script2"/>
</testsuite> <!-- Scripts.Script2 -->
